2022-09-17 17:46:40 INFO  LoggerExample:28 - ****  Starting TC_LoginTest ****
2022-09-17 17:47:10 INFO  LoggerExample:36 - **** Providing login details****
2022-09-17 17:47:21 INFO  LoggerExample:42 - **** comparing titles ****
2022-09-17 17:47:22 INFO  LoggerExample:50 - **** Login Test is passed ****
2022-09-17 17:47:22 INFO  LoggerExample:60 - ****  Finished TC_LoginTest ****
2022-09-17 17:49:44 INFO  LoggerExample:22 -  *** Starting TC_LoginDDT *** 
2022-09-17 17:49:44 INFO  LoggerExample:24 -  *** Opening Application URL *** 
2022-09-17 17:49:51 INFO  LoggerExample:27 -  *** Login to Application *** 
2022-09-17 17:50:07 INFO  LoggerExample:65 -  *** Finished TC_LoginDDT *** 
2022-09-17 17:50:07 INFO  LoggerExample:22 -  *** Starting TC_LoginDDT *** 
2022-09-17 17:50:07 INFO  LoggerExample:24 -  *** Opening Application URL *** 
2022-09-17 17:50:11 INFO  LoggerExample:27 -  *** Login to Application *** 
2022-09-17 17:50:31 INFO  LoggerExample:22 -  *** Starting TC_LoginDDT *** 
2022-09-17 17:50:31 INFO  LoggerExample:24 -  *** Opening Application URL *** 
2022-09-17 17:50:34 INFO  LoggerExample:27 -  *** Login to Application *** 
2022-09-17 17:50:54 INFO  LoggerExample:22 -  *** Starting TC_LoginDDT *** 
2022-09-17 17:50:54 INFO  LoggerExample:24 -  *** Opening Application URL *** 
2022-09-17 17:50:56 INFO  LoggerExample:27 -  *** Login to Application *** 
2022-09-17 18:37:55 INFO  LoggerExample:22 - ********* starting TC_SearchCustomerTest *************
2022-09-17 18:38:04 INFO  LoggerExample:22 - ********* starting TC_SearchCustomerTest *************
2022-09-17 18:38:48 INFO  LoggerExample:32 - *********Adding on customer Menu*************
2022-09-17 18:38:53 INFO  LoggerExample:39 - *********Searching new customer *************
2022-09-17 18:39:00 INFO  LoggerExample:50 - ********* Search customer by email is passed *************
2022-09-17 18:39:00 INFO  LoggerExample:59 - ********* End of TC_SearchCustomerByEmail_004 *************
2022-09-17 18:45:21 INFO  LoggerExample:25 - ********* starting TC_SearchCustomerTest *************
2022-09-17 18:45:40 INFO  LoggerExample:36 - *********Adding on customer Menu*************
2022-09-17 18:45:44 INFO  LoggerExample:43 - *********Searching new customer *************
2022-09-17 18:45:47 INFO  LoggerExample:55 - ********* Search customer by name is passed *************
2022-09-17 18:45:47 INFO  LoggerExample:64 - ********* End of TC_SearchCustomerByName *************
2022-09-17 18:48:45 INFO  LoggerExample:25 - ********* starting TC_SearchCustomerTest *************
2022-09-17 18:49:26 INFO  LoggerExample:36 - *********Adding on customer Menu*************
2022-09-17 18:49:30 INFO  LoggerExample:43 - *********Searching new customer *************
2022-09-17 18:49:34 ERROR LoggerExample:60 - ********* Search customer by name is failed*************
2022-09-17 18:51:39 INFO  LoggerExample:25 - ********* starting TC_SearchCustomerTest *************
2022-09-17 18:51:55 INFO  LoggerExample:36 - *********Adding on customer Menu*************
2022-09-17 18:51:59 INFO  LoggerExample:43 - *********Searching new customer *************
2022-09-17 18:52:04 ERROR LoggerExample:60 - ********* Search customer by name is failed*************
2022-09-17 18:53:10 INFO  LoggerExample:25 - ********* starting TC_SearchCustomerTest *************
2022-09-17 18:53:24 INFO  LoggerExample:36 - *********Adding on customer Menu*************
2022-09-17 18:53:28 INFO  LoggerExample:43 - *********Searching new customer *************
2022-09-17 18:53:33 ERROR LoggerExample:60 - ********* Search customer by name is failed*************
2022-09-17 19:01:22 INFO  LoggerExample:25 - ********* starting TC_SearchCustomerTest *************
2022-09-17 19:02:04 INFO  LoggerExample:36 - *********Adding on customer Menu*************
2022-09-17 19:02:08 INFO  LoggerExample:43 - *********Searching new customer *************
2022-09-17 19:02:12 INFO  LoggerExample:55 - ********* Search customer by name is passed *************
2022-09-17 19:02:12 INFO  LoggerExample:64 - ********* End of TC_SearchCustomerByName *************
2022-09-17 19:06:01 INFO  LoggerExample:25 - ********* starting TC_SearchCustomerTest *************
2022-09-17 19:06:23 INFO  LoggerExample:36 - *********Adding on customer Menu*************
2022-09-17 19:07:35 INFO  LoggerExample:25 - ********* starting TC_SearchCustomerTest *************
2022-09-17 19:08:20 INFO  LoggerExample:36 - *********Adding on customer Menu*************
2022-09-17 19:08:32 INFO  LoggerExample:43 - *********Searching new customer *************
2022-09-17 19:08:38 INFO  LoggerExample:55 - ********* Search customer by name is passed *************
2022-09-17 19:08:38 INFO  LoggerExample:64 - ********* End of TC_SearchCustomerByName *************
2022-09-17 19:11:49 INFO  LoggerExample:25 - ********* starting TC_SearchCustomerTest *************
2022-09-17 19:12:07 INFO  LoggerExample:36 - *********Clicking on customer Menu*************
2022-09-17 19:12:11 INFO  LoggerExample:43 - *********Searching new customer *************
2022-09-17 19:12:13 ERROR LoggerExample:60 - ********* Search customer by name is failed*************
2022-09-17 19:14:59 INFO  LoggerExample:25 - ********* starting TC_SearchCustomerTest *************
2022-09-17 19:15:32 INFO  LoggerExample:36 - *********Clicking on customer Menu*************
2022-09-17 19:15:36 INFO  LoggerExample:43 - *********Searching new customer *************
2022-09-17 19:15:38 ERROR LoggerExample:60 - ********* Search customer by name is failed*************
2022-09-17 19:20:02 INFO  LoggerExample:25 - ********* starting TC_SearchCustomerTest *************
2022-09-17 19:20:23 INFO  LoggerExample:36 - *********Clicking on customer Menu*************
2022-09-17 19:20:26 INFO  LoggerExample:43 - *********Searching new customer *************
2022-09-17 19:20:30 INFO  LoggerExample:55 - ********* Search customer by name is passed *************
2022-09-17 19:20:30 INFO  LoggerExample:64 - ********* End of TC_SearchCustomerByName *************
2022-09-17 19:22:00 INFO  LoggerExample:25 - ********* starting TC_SearchCustomerTest *************
2022-09-17 19:22:19 INFO  LoggerExample:36 - *********Clicking on customer Menu*************
2022-09-17 19:22:25 INFO  LoggerExample:43 - *********Searching new customer *************
2022-09-17 19:22:32 INFO  LoggerExample:55 - ********* Search customer by name is passed *************
2022-09-17 19:22:32 INFO  LoggerExample:64 - ********* End of TC_SearchCustomerByName *************
2022-09-17 19:24:23 INFO  LoggerExample:25 - ********* starting TC_SearchCustomerTest *************
2022-09-17 19:25:13 INFO  LoggerExample:36 - *********Clicking on customer Menu*************
2022-09-17 19:25:18 INFO  LoggerExample:43 - *********Searching new customer *************
2022-09-17 19:25:21 ERROR LoggerExample:60 - ********* Search customer by name is failed*************
2022-09-17 19:26:55 INFO  LoggerExample:25 - ********* starting TC_SearchCustomerTest *************
2022-09-17 19:27:32 INFO  LoggerExample:36 - *********Clicking on customer Menu*************
2022-09-17 19:27:35 INFO  LoggerExample:43 - *********Searching new customer *************
2022-09-17 19:27:38 INFO  LoggerExample:55 - ********* Search customer by name is passed *************
2022-09-17 19:27:38 INFO  LoggerExample:64 - ********* End of TC_SearchCustomerByName *************
2022-09-17 19:29:03 INFO  LoggerExample:25 - ********* starting TC_SearchCustomerTest *************
2022-09-17 19:29:19 INFO  LoggerExample:36 - *********Clicking on customer Menu*************
2022-09-17 19:29:22 INFO  LoggerExample:43 - *********Searching new customer *************
2022-09-17 19:29:25 INFO  LoggerExample:55 - ********* Search customer by name is passed *************
2022-09-17 19:29:25 INFO  LoggerExample:64 - ********* End of TC_SearchCustomerByName *************
2022-09-17 20:24:37 INFO  LoggerExample:18 - ********* starting TC_FetchCustomersTest *************
2022-09-17 20:29:47 INFO  LoggerExample:18 - ********* starting TC_FetchCustomersTest *************
2022-09-17 20:38:36 INFO  LoggerExample:18 - ********* starting TC_FetchCustomersTest *************
2022-09-17 20:41:02 INFO  LoggerExample:29 - *********Clicking on customer Menu*************
2022-09-17 22:20:41 INFO  LoggerExample:18 - ********* starting TC_FetchCustomersTest *************
2022-09-18 12:31:53 INFO  LoggerExample:18 - ********* starting TC_FetchCustomersTest *************
2022-09-18 12:32:19 INFO  LoggerExample:29 - *********Clicking on customer Menu*************
2022-09-18 12:32:21 INFO  LoggerExample:36 - *********Fetching all customers *************
2022-09-18 12:45:23 INFO  LoggerExample:18 - ********* starting TC_FetchCustomersTest *************
2022-09-18 12:45:58 INFO  LoggerExample:29 - *********Clicking on customer Menu*************
2022-09-18 12:46:02 INFO  LoggerExample:36 - *********Fetching all customers *************
2022-09-18 12:59:30 INFO  LoggerExample:18 - ********* starting TC_FetchCustomersTest *************
2022-09-18 12:59:47 INFO  LoggerExample:29 - *********Clicking on customer Menu*************
2022-09-18 12:59:50 INFO  LoggerExample:36 - *********Fetching all customers *************
2022-09-18 13:55:04 INFO  LoggerExample:22 - ********* starting TC_FetchCustomersTest *************
2022-09-18 13:55:24 INFO  LoggerExample:33 - *********Clicking on customer Menu*************
2022-09-18 13:55:27 INFO  LoggerExample:40 - *********Fetching all customers *************
2022-09-18 14:14:28 INFO  LoggerExample:22 - ********* starting TC_FetchCustomersTest *************
2022-09-18 14:14:52 INFO  LoggerExample:33 - *********Clicking on customer Menu*************
2022-09-18 14:14:57 INFO  LoggerExample:40 - *********Fetching all customers *************
2022-09-18 14:17:37 INFO  LoggerExample:22 - ********* starting TC_FetchCustomersTest *************
2022-09-18 14:18:26 INFO  LoggerExample:33 - *********Clicking on customer Menu*************
2022-09-18 14:18:30 INFO  LoggerExample:40 - *********Fetching all customers *************
2022-09-18 14:30:32 INFO  LoggerExample:22 - ********* starting TC_FetchCustomersTest *************
2022-09-18 14:30:58 INFO  LoggerExample:33 - *********Clicking on customer Menu*************
2022-09-18 14:31:02 INFO  LoggerExample:40 - *********Fetching all customers *************
2022-09-18 14:32:47 INFO  LoggerExample:22 - ********* starting TC_FetchCustomersTest *************
2022-09-18 14:33:05 INFO  LoggerExample:33 - *********Clicking on customer Menu*************
2022-09-18 14:33:10 INFO  LoggerExample:40 - *********Fetching all customers *************
2022-09-18 14:38:48 INFO  LoggerExample:22 - ********* starting TC_FetchCustomersTest *************
2022-09-18 14:39:12 INFO  LoggerExample:33 - *********Clicking on customer Menu*************
2022-09-18 14:39:18 INFO  LoggerExample:40 - *********Fetching all customers *************
2022-09-18 14:39:29 INFO  LoggerExample:86 - ********* Finished TC_FetchCustomersTest *************
2022-09-18 14:58:23 INFO  LoggerExample:22 - ********* starting TC_FetchCustomersTest *************
2022-09-18 14:59:12 INFO  LoggerExample:33 - *********Clicking on customer Menu*************
2022-09-18 14:59:17 INFO  LoggerExample:40 - *********Fetching all customers *************
2022-09-18 15:08:49 INFO  LoggerExample:22 - ********* starting TC_FetchCustomersTest *************
2022-09-18 15:08:49 INFO  LoggerExample:22 - ********* starting TC_FetchCustomersTest *************
2022-09-18 15:09:34 INFO  LoggerExample:33 - *********Clicking on customer Menu*************
2022-09-18 15:09:34 INFO  LoggerExample:33 - *********Clicking on customer Menu*************
2022-09-18 15:09:41 INFO  LoggerExample:40 - *********Fetching all customers *************
2022-09-18 15:09:41 INFO  LoggerExample:40 - *********Fetching all customers *************
2022-09-18 15:16:50 INFO  LoggerExample:22 - ********* starting TC_FetchCustomersTest *************
2022-09-18 15:17:14 INFO  LoggerExample:33 - *********Clicking on customer Menu*************
2022-09-18 15:17:18 INFO  LoggerExample:40 - *********Fetching all customers *************
2022-09-20 18:39:47 INFO  LoggerExample:22 - ********* starting TC_FetchCustomersTest *************
2022-09-20 18:40:11 INFO  LoggerExample:33 - *********Clicking on customer Menu*************
2022-09-20 18:40:14 INFO  LoggerExample:40 - *********Fetching all customers *************
2022-09-20 19:05:55 INFO  LoggerExample:22 - ********* starting TC_FetchCustomersTest *************
2022-09-20 19:06:10 INFO  LoggerExample:33 - *********Clicking on customer Menu*************
2022-09-20 19:06:13 INFO  LoggerExample:40 - *********Fetching all customers *************
2022-09-20 19:06:35 INFO  LoggerExample:89 - ********* Finished TC_FetchCustomersTest *************
2022-09-20 19:15:56 INFO  LoggerExample:22 - ********* starting TC_FetchCustomersTest *************
2022-09-20 19:16:32 INFO  LoggerExample:33 - *********Clicking on customer Menu*************
2022-09-20 19:16:35 INFO  LoggerExample:40 - *********Fetching all customers *************
2022-09-20 19:16:51 INFO  LoggerExample:89 - ********* Finished TC_FetchCustomersTest *************
2022-09-20 19:19:09 INFO  LoggerExample:22 - ********* starting TC_FetchCustomersTest *************
2022-09-20 19:19:25 INFO  LoggerExample:33 - *********Clicking on customer Menu*************
2022-09-20 19:19:28 INFO  LoggerExample:40 - *********Fetching all customers *************
2022-09-20 19:19:47 INFO  LoggerExample:89 - ********* Finished TC_FetchCustomersTest *************
2022-09-20 21:56:53 INFO  LoggerExample:22 - ********* starting TC_FetchCustomersTest *************
2022-09-20 22:03:55 INFO  LoggerExample:22 - ********* starting TC_FetchCustomersTest *************
2022-09-21 17:32:17 INFO  LoggerExample:22 - ********* starting TC_FetchCustomersTest *************
2022-09-21 17:32:33 INFO  LoggerExample:33 - *********Clicking on customer Menu*************
2022-09-21 17:32:37 INFO  LoggerExample:40 - *********Fetching all customers *************
2022-09-21 17:33:38 INFO  LoggerExample:89 - ********* Finished TC_FetchCustomersTest *************
2022-09-21 17:34:58 INFO  LoggerExample:22 - ********* starting TC_FetchCustomersTest *************
2022-09-21 17:35:17 INFO  LoggerExample:33 - *********Clicking on customer Menu*************
2022-09-21 17:35:20 INFO  LoggerExample:40 - *********Fetching all customers *************
2022-09-21 17:36:21 INFO  LoggerExample:89 - ********* Finished TC_FetchCustomersTest *************
2022-09-21 17:37:53 INFO  LoggerExample:28 - ****  Starting TC_LoginTest ****
2022-09-21 17:37:59 INFO  LoggerExample:36 - **** Providing login details****
2022-09-21 17:38:04 INFO  LoggerExample:42 - **** comparing titles ****
2022-09-21 17:38:04 INFO  LoggerExample:50 - **** Login Test is passed ****
2022-09-21 17:38:04 INFO  LoggerExample:60 - ****  Finished TC_LoginTest ****
2022-09-21 22:19:17 INFO  LoggerExample:28 - ****  Starting TC_LoginTest ****
2022-09-21 22:28:54 INFO  LoggerExample:28 - ****  Starting TC_LoginTest ****
2022-09-21 22:29:03 INFO  LoggerExample:36 - **** Providing login details****
2022-09-21 22:29:22 INFO  LoggerExample:42 - **** comparing titles ****
2022-09-21 22:29:22 INFO  LoggerExample:50 - **** Login Test is passed ****
2022-09-21 22:29:22 INFO  LoggerExample:60 - ****  Finished TC_LoginTest ****
2022-09-21 22:30:55 INFO  LoggerExample:28 - ****  Starting TC_LoginTest ****
2022-09-21 22:31:01 INFO  LoggerExample:36 - **** Providing login details****
2022-09-21 22:31:24 INFO  LoggerExample:42 - **** comparing titles ****
2022-09-21 22:31:24 INFO  LoggerExample:50 - **** Login Test is passed ****
2022-09-21 22:31:24 INFO  LoggerExample:60 - ****  Finished TC_LoginTest ****
2022-09-22 00:02:06 INFO  LoggerExample:28 - ****  Starting TC_LoginTest ****
2022-09-22 00:02:13 INFO  LoggerExample:36 - **** Providing login details****
2022-09-22 00:02:30 INFO  LoggerExample:42 - **** comparing titles ****
2022-09-22 00:02:30 INFO  LoggerExample:50 - **** Login Test is passed ****
2022-09-22 00:02:30 INFO  LoggerExample:60 - ****  Finished TC_LoginTest ****
2022-09-22 22:14:54 INFO  LoggerExample:28 - ****  Starting TC_LoginTest ****
2022-09-22 22:15:04 INFO  LoggerExample:36 - **** Providing login details****
2022-09-22 22:15:30 INFO  LoggerExample:42 - **** comparing titles ****
2022-09-22 22:15:31 INFO  LoggerExample:50 - **** Login Test is passed ****
2022-09-22 22:15:31 INFO  LoggerExample:60 - ****  Finished TC_LoginTest ****
2022-09-22 22:32:09 INFO  LoggerExample:28 - ****  Starting TC_LoginTest ****
2022-09-22 22:32:17 INFO  LoggerExample:36 - **** Providing login details****
2022-09-22 22:32:41 INFO  LoggerExample:42 - **** comparing titles ****
2022-09-22 22:32:41 INFO  LoggerExample:50 - **** Login Test is passed ****
2022-09-22 22:32:41 INFO  LoggerExample:60 - ****  Finished TC_LoginTest ****
2022-09-23 00:03:53 INFO  LoggerExample:28 - ****  Starting TC_LoginTest ****
2022-09-23 17:28:15 INFO  LoggerExample:28 - ****  Starting TC_LoginTest ****
2022-09-23 17:28:42 INFO  LoggerExample:36 - **** Providing login details****
2022-09-24 13:54:25 INFO  LoggerExample:28 - ****  Starting TC_LoginTest ****
2022-09-24 13:54:53 INFO  LoggerExample:36 - **** Providing login details****
2022-09-24 13:55:27 INFO  LoggerExample:42 - **** comparing titles ****
2022-09-24 13:55:27 INFO  LoggerExample:50 - **** Login Test is passed ****
2022-09-24 13:55:27 INFO  LoggerExample:60 - ****  Finished TC_LoginTest ****
2022-09-24 14:06:47 INFO  LoggerExample:28 - ****  Starting TC_LoginTest ****
2022-09-24 14:06:55 INFO  LoggerExample:36 - **** Providing login details****
2022-09-24 14:07:07 INFO  LoggerExample:42 - **** comparing titles ****
2022-09-24 14:07:07 INFO  LoggerExample:50 - **** Login Test is passed ****
2022-09-24 14:07:07 INFO  LoggerExample:60 - ****  Finished TC_LoginTest ****
2022-09-24 14:13:19 INFO  LoggerExample:28 - ****  Starting TC_LoginTest ****
2022-09-24 14:13:26 INFO  LoggerExample:36 - **** Providing login details****
2022-09-24 14:13:32 INFO  LoggerExample:42 - **** comparing titles ****
2022-09-24 14:13:32 INFO  LoggerExample:50 - **** Login Test is passed ****
2022-09-24 14:13:32 INFO  LoggerExample:60 - ****  Finished TC_LoginTest ****
2022-09-24 14:31:42 INFO  LoggerExample:28 - ****  Starting TC_LoginTest ****
2022-09-24 14:32:14 INFO  LoggerExample:36 - **** Providing login details****
2022-09-24 14:32:23 INFO  LoggerExample:42 - **** comparing titles ****
2022-09-24 14:32:23 INFO  LoggerExample:50 - **** Login Test is passed ****
2022-09-24 14:32:23 INFO  LoggerExample:60 - ****  Finished TC_LoginTest ****
2022-09-24 14:33:58 INFO  LoggerExample:28 - ****  Starting TC_LoginTest ****
2022-09-24 14:34:05 INFO  LoggerExample:36 - **** Providing login details****
2022-09-24 14:34:12 INFO  LoggerExample:42 - **** comparing titles ****
2022-09-24 14:34:13 INFO  LoggerExample:50 - **** Login Test is passed ****
2022-09-24 14:34:13 INFO  LoggerExample:60 - ****  Finished TC_LoginTest ****
2022-09-24 14:55:20 INFO  LoggerExample:28 - ****  Starting TC_LoginTest ****
2022-09-24 14:56:45 INFO  LoggerExample:28 - ****  Starting TC_LoginTest ****
2022-09-24 14:57:24 INFO  LoggerExample:28 - ****  Starting TC_LoginTest ****
2022-09-24 14:59:24 INFO  LoggerExample:28 - ****  Starting TC_LoginTest ****
2022-09-24 14:59:32 INFO  LoggerExample:36 - **** Providing login details****
2022-09-24 14:59:43 INFO  LoggerExample:42 - **** comparing titles ****
2022-09-24 14:59:43 INFO  LoggerExample:50 - **** Login Test is passed ****
2022-09-24 14:59:43 INFO  LoggerExample:60 - ****  Finished TC_LoginTest ****
2022-09-24 15:05:40 INFO  LoggerExample:28 - ****  Starting TC_LoginTest ****
2022-09-24 15:06:14 INFO  LoggerExample:36 - **** Providing login details****
2022-09-24 15:08:29 INFO  LoggerExample:28 - ****  Starting TC_LoginTest ****
2022-09-24 15:08:34 INFO  LoggerExample:36 - **** Providing login details****
2022-09-24 15:08:43 INFO  LoggerExample:42 - **** comparing titles ****
2022-09-24 15:08:43 INFO  LoggerExample:50 - **** Login Test is passed ****
2022-09-24 15:08:43 INFO  LoggerExample:60 - ****  Finished TC_LoginTest ****
2022-09-24 15:17:54 INFO  LoggerExample:28 - ****  Starting TC_LoginTest ****
2022-09-24 15:18:25 INFO  LoggerExample:36 - **** Providing login details****
2022-09-24 15:18:41 INFO  LoggerExample:42 - **** comparing titles ****
2022-09-24 15:18:41 INFO  LoggerExample:50 - **** Login Test is passed ****
2022-09-24 15:18:41 INFO  LoggerExample:60 - ****  Finished TC_LoginTest ****
2022-09-24 15:19:54 INFO  LoggerExample:28 - ****  Starting TC_LoginTest ****
2022-09-24 15:20:17 INFO  LoggerExample:36 - **** Providing login details****
2022-09-24 15:20:30 INFO  LoggerExample:42 - **** comparing titles ****
2022-09-24 15:20:30 INFO  LoggerExample:50 - **** Login Test is passed ****
2022-09-24 15:20:30 INFO  LoggerExample:60 - ****  Finished TC_LoginTest ****
2022-09-24 15:26:21 INFO  LoggerExample:28 - ****  Starting TC_LoginTest ****
2022-09-24 15:26:25 INFO  LoggerExample:36 - **** Providing login details****
2022-09-24 15:26:32 INFO  LoggerExample:42 - **** comparing titles ****
2022-09-24 15:26:32 INFO  LoggerExample:50 - **** Login Test is passed ****
2022-09-24 15:26:32 INFO  LoggerExample:60 - ****  Finished TC_LoginTest ****
2022-09-24 15:30:03 INFO  LoggerExample:28 - ****  Starting TC_LoginTest ****
2022-09-24 15:30:09 INFO  LoggerExample:36 - **** Providing login details****
2022-09-24 15:30:19 INFO  LoggerExample:42 - **** comparing titles ****
2022-09-24 15:30:19 INFO  LoggerExample:50 - **** Login Test is passed ****
2022-09-24 15:30:19 INFO  LoggerExample:60 - ****  Finished TC_LoginTest ****
2022-09-24 17:46:57 INFO  LoggerExample:28 - ****  Starting TC_LoginTest ****
2022-09-24 20:17:35 INFO  LoggerExample:28 - ****  Starting TC_LoginTest ****
2022-09-24 20:19:32 INFO  LoggerExample:36 - **** Providing login details****
2022-09-24 20:24:53 INFO  LoggerExample:28 - ****  Starting TC_LoginTest ****
2022-09-24 20:26:01 INFO  LoggerExample:36 - **** Providing login details****
2022-09-24 20:34:31 INFO  LoggerExample:28 - ****  Starting TC_LoginTest ****
2022-09-24 20:35:08 INFO  LoggerExample:36 - **** Providing login details****
2022-09-24 20:36:03 INFO  LoggerExample:42 - **** comparing titles ****
2022-09-24 20:36:03 INFO  LoggerExample:50 - **** Login Test is passed ****
2022-09-24 20:36:03 INFO  LoggerExample:60 - ****  Finished TC_LoginTest ****
2022-09-24 20:41:11 INFO  LoggerExample:28 - ****  Starting TC_LoginTest ****
2022-09-24 20:48:20 INFO  LoggerExample:36 - **** Providing login details****
2022-09-24 21:02:39 INFO  LoggerExample:28 - ****  Starting TC_LoginTest ****
2022-09-24 21:03:21 INFO  LoggerExample:36 - **** Providing login details****
2022-09-24 21:05:14 INFO  LoggerExample:28 - ****  Starting TC_LoginTest ****
2022-09-24 21:08:07 INFO  LoggerExample:36 - **** Providing login details****
2022-09-24 21:10:59 INFO  LoggerExample:42 - **** comparing titles ****
2022-09-24 21:10:59 INFO  LoggerExample:50 - **** Login Test is passed ****
2022-09-24 21:10:59 INFO  LoggerExample:60 - ****  Finished TC_LoginTest ****
2022-09-24 21:40:15 INFO  LoggerExample:28 - ****  Starting TC_LoginTest ****
2022-09-24 21:42:01 INFO  LoggerExample:28 - ****  Starting TC_LoginTest ****
2022-09-25 18:58:03 INFO  LoggerExample:20 - ********* starting TC_AddCustomerTest_003 *************
2022-09-25 18:58:19 INFO  LoggerExample:29 - *********Adding new customer *************
2022-09-25 18:58:27 INFO  LoggerExample:38 - ***************  Providing customer details  *********** 
2022-09-25 18:58:41 INFO  LoggerExample:72 - ***************  Customer added succesfully *********** 
2022-09-25 18:58:41 INFO  LoggerExample:80 - ***************   TC_AddCustomerTest_003 Finished  *********** 
2022-09-25 18:59:39 INFO  LoggerExample:20 - ********* starting TC_AddCustomerTest_003 *************
2022-09-25 18:59:56 INFO  LoggerExample:29 - *********Adding new customer *************
2022-09-25 19:00:07 INFO  LoggerExample:38 - ***************  Providing customer details  *********** 
2022-09-25 19:00:22 INFO  LoggerExample:72 - ***************  Customer added succesfully *********** 
2022-09-25 19:00:22 INFO  LoggerExample:80 - ***************   TC_AddCustomerTest_003 Finished  *********** 
2022-09-29 15:39:26 INFO  LoggerExample:20 - ********* starting TC_AddCustomerTest_003 *************
2022-09-29 15:39:51 INFO  LoggerExample:29 - *********Adding new customer *************
2022-09-29 15:40:00 INFO  LoggerExample:38 - ***************  Providing customer details  *********** 
2022-09-29 15:40:13 INFO  LoggerExample:72 - ***************  Customer added succesfully *********** 
2022-09-29 15:40:13 INFO  LoggerExample:80 - ***************   TC_AddCustomerTest_003 Finished  *********** 
2022-09-29 16:07:18 INFO  LoggerExample:20 - ********* starting TC_AddCustomerTest_003 *************
2022-09-29 16:07:40 INFO  LoggerExample:29 - *********Adding new customer *************
2022-09-29 16:07:48 INFO  LoggerExample:38 - ***************  Providing customer details  *********** 
2022-09-29 16:08:01 INFO  LoggerExample:72 - ***************  Customer added succesfully *********** 
2022-09-29 16:08:02 INFO  LoggerExample:80 - ***************   TC_AddCustomerTest_003 Finished  *********** 
2022-09-29 19:26:28 INFO  LoggerExample:20 - ********* starting TC_AddCustomerTest_003 *************
2022-09-29 20:36:56 INFO  LoggerExample:21 - ********* starting TC_AddCustomerTest_003 *************
2022-09-30 15:41:19 INFO  LoggerExample:21 - ********* starting DeleteCustomerTest*************
2022-09-30 15:41:52 INFO  LoggerExample:30 - *********Deleting Existing customer *************
2022-09-30 16:13:22 INFO  LoggerExample:20 - ********* starting TC_AddCustomerTest_003 *************
2022-09-30 16:13:54 INFO  LoggerExample:29 - *********Adding new customer *************
2022-09-30 16:14:11 INFO  LoggerExample:38 - ***************  Providing customer details  *********** 
2022-09-30 16:14:24 INFO  LoggerExample:72 - ***************  Customer added succesfully *********** 
2022-09-30 16:14:24 INFO  LoggerExample:80 - ***************   TC_AddCustomerTest_003 Finished  *********** 
2022-09-30 16:16:06 INFO  LoggerExample:21 - ********* starting DeleteCustomerTest*************
2022-09-30 16:16:24 INFO  LoggerExample:30 - *********Deleting Existing customer *************
2022-09-30 16:21:32 INFO  LoggerExample:21 - ********* starting DeleteCustomerTest*************
2022-09-30 16:21:47 INFO  LoggerExample:30 - *********Deleting Existing customer *************
2022-09-30 16:25:56 INFO  LoggerExample:22 - ********* starting TC_FetchCustomersTest *************
2022-09-30 16:26:17 INFO  LoggerExample:33 - *********Clicking on customer Menu*************
2022-09-30 16:26:21 INFO  LoggerExample:40 - *********Fetching all customers *************
2022-09-30 16:28:22 INFO  LoggerExample:83 - ********* Finished TC_FetchCustomersTest *************
2022-09-30 16:31:28 INFO  LoggerExample:20 - ********* starting TC_AddCustomerTest_003 *************
2022-09-30 16:31:43 INFO  LoggerExample:29 - *********Adding new customer *************
2022-09-30 16:31:53 INFO  LoggerExample:38 - ***************  Providing customer details  *********** 
2022-09-30 16:32:05 INFO  LoggerExample:72 - ***************  Customer added succesfully *********** 
2022-09-30 16:32:05 INFO  LoggerExample:80 - ***************   TC_AddCustomerTest_003 Finished  *********** 
2022-09-30 16:33:22 INFO  LoggerExample:21 - ********* starting DeleteCustomerTest*************
2022-09-30 16:33:40 INFO  LoggerExample:30 - *********Deleting Existing customer *************
2022-09-30 16:48:01 INFO  LoggerExample:22 - ********* starting DeleteCustomerTest*************
2022-09-30 16:48:25 INFO  LoggerExample:31 - *********Deleting Existing customer *************
2022-09-30 17:12:04 INFO  LoggerExample:22 - ********* starting DeleteCustomerTest*************
2022-09-30 17:12:30 INFO  LoggerExample:31 - *********Deleting Existing customer *************
2022-09-30 17:50:30 INFO  LoggerExample:22 - ********* starting DeleteCustomerTest*************
2022-09-30 17:50:54 INFO  LoggerExample:31 - *********Deleting Existing customer *************
2022-09-30 18:05:17 INFO  LoggerExample:22 - ********* starting DeleteCustomerTest*************
2022-09-30 18:05:38 INFO  LoggerExample:32 - *********Deleting Existing customer *************
2022-09-30 18:22:07 INFO  LoggerExample:22 - ********* starting DeleteCustomerTest*************
2022-09-30 18:22:48 INFO  LoggerExample:32 - *********Deleting Existing customer *************
2022-09-30 18:26:11 INFO  LoggerExample:22 - ********* starting DeleteCustomerTest*************
2022-09-30 18:26:32 INFO  LoggerExample:32 - *********Deleting Existing customer *************
2022-09-30 18:29:34 INFO  LoggerExample:22 - ********* starting DeleteCustomerTest*************
2022-09-30 18:29:54 INFO  LoggerExample:32 - *********Deleting Existing customer *************
2022-09-30 18:52:41 INFO  LoggerExample:22 - ********* starting DeleteCustomerTest*************
2022-09-30 18:53:38 INFO  LoggerExample:32 - *********Deleting Existing customer *************
2022-12-02 13:57:44 INFO  LoggerExample:28 - ****  Starting TC_LoginTest ****
2022-12-02 13:58:15 INFO  LoggerExample:28 - ****  Starting TC_LoginTest ****
2022-12-06 18:12:02 INFO  LoggerExample:28 - ****  Starting TC_LoginTest ****
2022-12-06 18:12:02 INFO  LoggerExample:28 - ****  Starting TC_LoginTest ****
2022-12-06 18:12:57 INFO  LoggerExample:28 - ****  Starting TC_LoginTest ****
2022-12-06 18:13:41 INFO  LoggerExample:28 - ****  Starting TC_LoginTest ****
2022-12-06 18:14:00 INFO  LoggerExample:36 - **** Providing login details****
2022-12-06 18:15:15 INFO  LoggerExample:28 - ****  Starting TC_LoginTest ****
2022-12-06 18:15:49 INFO  LoggerExample:36 - **** Providing login details****
2022-12-06 18:16:04 INFO  LoggerExample:28 - ****  Starting TC_LoginTest ****
2022-12-06 18:16:42 INFO  LoggerExample:42 - **** comparing titles ****
2022-12-06 18:16:42 INFO  LoggerExample:50 - **** Login Test is passed ****
2022-12-06 18:16:42 INFO  LoggerExample:60 - ****  Finished TC_LoginTest ****
2023-06-25 13:51:07 INFO  LoggerExample:28 - ****  Starting TC_LoginTest ****
2023-06-25 13:51:18 INFO  LoggerExample:28 - ****  Starting TC_LoginTest ****
2023-06-25 13:56:00 INFO  LoggerExample:28 - ****  Starting TC_LoginTest ****
2023-06-25 13:56:20 INFO  LoggerExample:28 - ****  Starting TC_LoginTest ****
2023-06-25 14:00:59 INFO  LoggerExample:28 - ****  Starting TC_LoginTest ****
2023-06-25 14:01:13 INFO  LoggerExample:28 - ****  Starting TC_LoginTest ****
2023-06-25 14:02:33 INFO  LoggerExample:28 - ****  Starting TC_LoginTest ****
2023-06-25 14:02:46 INFO  LoggerExample:28 - ****  Starting TC_LoginTest ****
2023-06-25 14:07:37 INFO  LoggerExample:28 - ****  Starting TC_LoginTest ****
2023-06-25 14:07:38 INFO  LoggerExample:28 - ****  Starting TC_LoginTest ****
2023-06-25 14:08:23 INFO  LoggerExample:28 - ****  Starting TC_LoginTest ****
2023-06-25 14:08:25 INFO  LoggerExample:28 - ****  Starting TC_LoginTest ****
2023-06-25 14:20:34 INFO  LoggerExample:28 - ****  Starting TC_LoginTest ****
2023-06-25 14:21:10 INFO  LoggerExample:28 - ****  Starting TC_LoginTest ****
2023-06-25 14:23:48 INFO  LoggerExample:28 - ****  Starting TC_LoginTest ****
2023-06-25 14:24:27 INFO  LoggerExample:28 - ****  Starting TC_LoginTest ****
2023-06-25 14:32:29 INFO  LoggerExample:28 - ****  Starting TC_LoginTest ****
2023-06-25 14:32:34 INFO  LoggerExample:36 - **** Providing login details****
2023-06-25 14:32:42 INFO  LoggerExample:42 - **** comparing titles ****
2023-06-25 14:32:42 INFO  LoggerExample:50 - **** Login Test is passed ****
2023-06-25 14:32:42 INFO  LoggerExample:60 - ****  Finished TC_LoginTest ****
2023-06-25 14:35:03 INFO  LoggerExample:28 - ****  Starting TC_LoginTest ****
2023-06-25 14:35:10 INFO  LoggerExample:36 - **** Providing login details****
2023-06-25 14:35:15 INFO  LoggerExample:42 - **** comparing titles ****
2023-06-25 14:35:15 INFO  LoggerExample:50 - **** Login Test is passed sucessfully.... ****
2023-06-25 14:35:15 INFO  LoggerExample:60 - ****  Finished TC_LoginTest ****
2023-06-25 14:39:17 INFO  LoggerExample:22 -  *** Starting TC_LoginDDT *** 
2023-06-25 14:39:17 INFO  LoggerExample:24 -  *** Opening Application URL *** 
2023-06-25 14:39:22 INFO  LoggerExample:27 -  *** Login to Application *** 
2023-06-25 14:39:37 INFO  LoggerExample:65 -  *** Finished TC_LoginDDT *** 
2023-06-25 14:39:37 INFO  LoggerExample:22 -  *** Starting TC_LoginDDT *** 
2023-06-25 14:39:37 INFO  LoggerExample:24 -  *** Opening Application URL *** 
2023-06-25 14:39:39 INFO  LoggerExample:27 -  *** Login to Application *** 
2023-06-25 14:39:59 INFO  LoggerExample:22 -  *** Starting TC_LoginDDT *** 
2023-06-25 14:39:59 INFO  LoggerExample:24 -  *** Opening Application URL *** 
2023-06-25 14:40:01 INFO  LoggerExample:27 -  *** Login to Application *** 
2023-06-25 14:40:21 INFO  LoggerExample:22 -  *** Starting TC_LoginDDT *** 
2023-06-25 14:40:21 INFO  LoggerExample:24 -  *** Opening Application URL *** 
2023-06-25 14:40:23 INFO  LoggerExample:27 -  *** Login to Application *** 
2023-06-25 14:46:46 INFO  LoggerExample:22 -  *** Starting TC_LoginDDT *** 
2023-06-25 14:46:46 INFO  LoggerExample:24 -  *** Opening Application URL *** 
2023-06-25 14:46:50 INFO  LoggerExample:27 -  *** Login to Application *** 
2023-06-25 14:47:04 INFO  LoggerExample:67 -  *** Finished TC_LoginDDT *** 
2023-06-25 14:47:04 INFO  LoggerExample:22 -  *** Starting TC_LoginDDT *** 
2023-06-25 14:47:04 INFO  LoggerExample:24 -  *** Opening Application URL *** 
2023-06-25 14:47:06 INFO  LoggerExample:27 -  *** Login to Application *** 
2023-06-25 14:47:26 INFO  LoggerExample:22 -  *** Starting TC_LoginDDT *** 
2023-06-25 14:47:26 INFO  LoggerExample:24 -  *** Opening Application URL *** 
2023-06-25 14:47:28 INFO  LoggerExample:27 -  *** Login to Application *** 
2023-06-25 14:47:48 INFO  LoggerExample:22 -  *** Starting TC_LoginDDT *** 
2023-06-25 14:47:48 INFO  LoggerExample:24 -  *** Opening Application URL *** 
2023-06-25 14:47:50 INFO  LoggerExample:27 -  *** Login to Application *** 
2023-06-25 15:18:47 INFO  LoggerExample:22 -  *** Starting TC_LoginDDT *** 
2023-06-25 15:18:47 INFO  LoggerExample:24 -  *** Opening Application URL *** 
2023-06-25 15:18:53 INFO  LoggerExample:27 -  *** Loging into Application *** 
2023-06-25 15:19:12 INFO  LoggerExample:69 -  *** Finished TC_LoginDDT *** 
2023-06-25 15:19:12 INFO  LoggerExample:22 -  *** Starting TC_LoginDDT *** 
2023-06-25 15:19:12 INFO  LoggerExample:24 -  *** Opening Application URL *** 
2023-06-25 15:19:15 INFO  LoggerExample:27 -  *** Loging into Application *** 
2023-06-25 15:19:35 INFO  LoggerExample:22 -  *** Starting TC_LoginDDT *** 
2023-06-25 15:19:35 INFO  LoggerExample:24 -  *** Opening Application URL *** 
2023-06-25 15:19:37 INFO  LoggerExample:27 -  *** Loging into Application *** 
2023-06-25 15:19:57 INFO  LoggerExample:22 -  *** Starting TC_LoginDDT *** 
2023-06-25 15:19:57 INFO  LoggerExample:24 -  *** Opening Application URL *** 
2023-06-25 15:19:59 INFO  LoggerExample:27 -  *** Loging into Application *** 
2023-06-25 15:23:52 INFO  LoggerExample:20 - ********* starting TC_AddCustomerTest_003 *************
2023-06-25 15:24:07 INFO  LoggerExample:29 - *********Adding new customer *************
2023-06-25 15:24:16 INFO  LoggerExample:38 - ***************  Providing customer details  *********** 
2023-06-25 15:24:31 INFO  LoggerExample:72 - ***************  Customer added succesfully *********** 
2023-06-25 15:24:31 INFO  LoggerExample:80 - ***************   TC_AddCustomerTest_003 Finished  *********** 
2023-06-25 15:28:21 INFO  LoggerExample:25 - ********* starting TC_SearchCustomerTest *************
2023-06-25 15:31:02 INFO  LoggerExample:25 - ********* starting TC_SearchCustomerTest *************
2023-06-25 15:31:18 INFO  LoggerExample:36 - *********Clicking on customer Menu*************
2023-06-25 15:31:21 INFO  LoggerExample:43 - *********Searching new customer *************
2023-06-25 15:31:24 INFO  LoggerExample:55 - ********* Search customer by name is passed *************
2023-06-25 15:31:24 INFO  LoggerExample:64 - ********* End of TC_SearchCustomerByName *************
2023-06-25 15:32:24 INFO  LoggerExample:25 - ********* starting TC_SearchCustomerTest *************
2023-06-25 15:32:38 INFO  LoggerExample:36 - *********Clicking on customer Menu*************
2023-06-25 15:32:41 INFO  LoggerExample:43 - *********Searching new customer *************
2023-06-25 15:32:45 INFO  LoggerExample:55 - ********* Search customer by name is passed *************
2023-06-25 15:32:45 INFO  LoggerExample:64 - ********* End of TC_SearchCustomerByName *************
2023-06-25 15:35:41 INFO  LoggerExample:22 - ********* starting TC_SearchCustomerTest *************
2023-06-25 15:35:56 INFO  LoggerExample:32 - *********Clicking on customer Menu*************
2023-06-25 15:35:58 INFO  LoggerExample:39 - *********Searching new customer *************
2023-06-25 15:36:01 INFO  LoggerExample:50 - ********* Search customer by email is passed *************
2023-06-25 15:36:01 INFO  LoggerExample:59 - ********* End of TC_SearchCustomerByEmail_004 *************
2023-06-25 15:40:43 INFO  LoggerExample:22 - ********* starting DeleteCustomerTest*************
2023-06-25 15:40:58 INFO  LoggerExample:32 - *********Deleting Existing customer *************
2023-06-25 16:34:08 INFO  LoggerExample:22 - ********* starting DeleteCustomerTest*************
2023-06-25 16:34:27 INFO  LoggerExample:32 - *********Deleting Existing customer *************
2023-06-25 16:39:13 INFO  LoggerExample:20 - ********* starting TC_AddCustomerTest_003 *************
2023-06-25 16:39:28 INFO  LoggerExample:29 - *********Adding new customer *************
2023-06-25 16:39:35 INFO  LoggerExample:38 - ***************  Providing customer details  *********** 
2023-06-25 16:39:53 INFO  LoggerExample:72 - ***************  Customer added succesfully *********** 
2023-06-25 16:39:54 INFO  LoggerExample:80 - ***************   TC_AddCustomerTest_003 Finished  *********** 
2023-06-25 16:42:12 INFO  LoggerExample:22 - ********* starting DeleteCustomerTest*************
2023-06-25 16:42:29 INFO  LoggerExample:32 - *********Deleting Existing customer *************
2023-06-25 16:59:13 INFO  LoggerExample:22 - ********* starting DeleteCustomerTest*************
2023-06-25 16:59:28 INFO  LoggerExample:32 - *********Deleting Existing customer *************
2023-06-25 17:05:43 INFO  LoggerExample:28 - ****  Starting TC_LoginTest ****
2023-06-25 17:05:49 INFO  LoggerExample:36 - **** Providing login details****
2023-06-25 17:05:56 INFO  LoggerExample:42 - **** comparing titles ****
2023-06-25 17:05:56 INFO  LoggerExample:50 - **** Login Test is passed sucessfully.... ****
2023-06-25 17:05:56 INFO  LoggerExample:60 - ****  Finished TC_LoginTest ****
2023-06-25 17:10:33 INFO  LoggerExample:28 - ****  Starting TC_LoginTest ****
2023-06-25 17:10:44 INFO  LoggerExample:36 - **** Providing login details****
2023-06-25 17:11:12 INFO  LoggerExample:42 - **** comparing titles ****
2023-06-25 17:11:12 INFO  LoggerExample:50 - **** Login Test is passed sucessfully.... ****
2023-06-25 17:11:12 INFO  LoggerExample:60 - ****  Finished TC_LoginTest ****
2023-06-25 17:43:04 INFO  LoggerExample:28 - ****  Starting TC_LoginTest ****
2023-06-26 12:56:23 INFO  LoggerExample:28 - ****  Starting TC_LoginTest ****
2023-06-26 12:56:40 INFO  LoggerExample:36 - **** Providing login details****
2023-06-26 12:56:52 INFO  LoggerExample:28 - ****  Starting TC_LoginTest ****
2023-06-26 12:56:57 INFO  LoggerExample:42 - **** comparing titles ****
2023-06-26 12:56:57 INFO  LoggerExample:50 - **** Login Test is passed sucessfully.... ****
2023-06-26 12:56:57 INFO  LoggerExample:60 - ****  Finished TC_LoginTest ****
2023-06-26 12:57:29 INFO  LoggerExample:28 - ****  Starting TC_LoginTest ****
2023-06-26 13:06:44 INFO  LoggerExample:28 - ****  Starting TC_LoginTest ****
2023-06-26 13:06:51 INFO  LoggerExample:36 - **** Providing login details****
2023-06-26 13:07:02 INFO  LoggerExample:42 - **** comparing titles ****
2023-06-26 13:07:02 INFO  LoggerExample:50 - **** Login Test is passed sucessfully.... ****
2023-06-26 13:07:02 INFO  LoggerExample:60 - ****  Finished TC_LoginTest ****
2023-06-26 13:08:20 INFO  LoggerExample:28 - ****  Starting TC_LoginTest ****
2023-06-26 13:37:06 INFO  LoggerExample:22 -  *** Starting TC_LoginDDT *** 
2023-06-26 13:37:06 INFO  LoggerExample:24 -  *** Opening Application URL *** 
2023-06-26 13:37:38 INFO  LoggerExample:27 -  *** Loging into Application *** 
2023-06-26 13:38:57 INFO  LoggerExample:71 -  *** Finished TC_LoginDDT *** 
2023-06-26 13:38:57 INFO  LoggerExample:22 -  *** Starting TC_LoginDDT *** 
2023-06-26 13:38:57 INFO  LoggerExample:24 -  *** Opening Application URL *** 
2023-06-26 13:38:59 INFO  LoggerExample:27 -  *** Loging into Application *** 
2023-06-26 13:39:20 INFO  LoggerExample:22 -  *** Starting TC_LoginDDT *** 
2023-06-26 13:39:20 INFO  LoggerExample:24 -  *** Opening Application URL *** 
2023-06-26 13:39:22 INFO  LoggerExample:27 -  *** Loging into Application *** 
2023-06-26 13:39:42 INFO  LoggerExample:22 -  *** Starting TC_LoginDDT *** 
2023-06-26 13:39:42 INFO  LoggerExample:24 -  *** Opening Application URL *** 
2023-06-26 13:39:45 INFO  LoggerExample:27 -  *** Loging into Application *** 
2023-06-26 13:44:54 INFO  LoggerExample:22 -  *** Starting TC_LoginDDT *** 
2023-06-26 13:44:54 INFO  LoggerExample:24 -  *** Opening Application URL *** 
2023-06-26 13:45:02 INFO  LoggerExample:27 -  *** Loging into Application *** 
2023-06-26 13:45:10 INFO  LoggerExample:50 - Login failed....
2023-06-26 13:45:10 INFO  LoggerExample:22 -  *** Starting TC_LoginDDT *** 
2023-06-26 13:45:10 INFO  LoggerExample:24 -  *** Opening Application URL *** 
2023-06-26 13:45:14 INFO  LoggerExample:27 -  *** Loging into Application *** 
2023-06-26 13:45:20 INFO  LoggerExample:71 -  *** Finished TC_LoginDDT *** 
2023-06-26 13:45:20 INFO  LoggerExample:22 -  *** Starting TC_LoginDDT *** 
2023-06-26 13:45:20 INFO  LoggerExample:24 -  *** Opening Application URL *** 
2023-06-26 13:45:22 INFO  LoggerExample:27 -  *** Loging into Application *** 
2023-06-26 13:45:28 INFO  LoggerExample:71 -  *** Finished TC_LoginDDT *** 
2023-06-26 13:45:28 INFO  LoggerExample:22 -  *** Starting TC_LoginDDT *** 
2023-06-26 13:45:28 INFO  LoggerExample:24 -  *** Opening Application URL *** 
2023-06-26 13:45:30 INFO  LoggerExample:27 -  *** Loging into Application *** 
2023-06-26 13:45:35 INFO  LoggerExample:71 -  *** Finished TC_LoginDDT *** 
2023-06-26 13:47:35 INFO  LoggerExample:22 -  *** Starting TC_LoginDDT *** 
2023-06-26 13:47:35 INFO  LoggerExample:22 -  *** Starting TC_LoginDDT *** 
2023-06-26 13:47:36 INFO  LoggerExample:24 -  *** Opening Application URL *** 
2023-06-26 13:47:36 INFO  LoggerExample:24 -  *** Opening Application URL *** 
2023-06-26 13:47:53 INFO  LoggerExample:27 -  *** Loging into Application *** 
2023-06-26 13:47:53 INFO  LoggerExample:27 -  *** Loging into Application *** 
2023-06-26 13:48:09 INFO  LoggerExample:50 - Login failed....
2023-06-26 13:48:09 INFO  LoggerExample:50 - Login failed....
2023-06-26 13:48:09 INFO  LoggerExample:22 -  *** Starting TC_LoginDDT *** 
2023-06-26 13:48:09 INFO  LoggerExample:24 -  *** Opening Application URL *** 
2023-06-26 13:48:09 INFO  LoggerExample:22 -  *** Starting TC_LoginDDT *** 
2023-06-26 13:48:09 INFO  LoggerExample:24 -  *** Opening Application URL *** 
2023-06-26 13:48:12 INFO  LoggerExample:27 -  *** Loging into Application *** 
2023-06-26 13:48:12 INFO  LoggerExample:27 -  *** Loging into Application *** 
2023-06-26 13:48:17 INFO  LoggerExample:71 -  *** Finished TC_LoginDDT *** 
2023-06-26 13:48:17 INFO  LoggerExample:22 -  *** Starting TC_LoginDDT *** 
2023-06-26 13:48:17 INFO  LoggerExample:24 -  *** Opening Application URL *** 
2023-06-26 13:48:18 INFO  LoggerExample:71 -  *** Finished TC_LoginDDT *** 
2023-06-26 13:48:18 INFO  LoggerExample:22 -  *** Starting TC_LoginDDT *** 
2023-06-26 13:48:18 INFO  LoggerExample:24 -  *** Opening Application URL *** 
2023-06-26 13:48:19 INFO  LoggerExample:27 -  *** Loging into Application *** 
2023-06-26 13:48:19 INFO  LoggerExample:27 -  *** Loging into Application *** 
2023-06-26 13:48:25 INFO  LoggerExample:71 -  *** Finished TC_LoginDDT *** 
2023-06-26 13:48:25 INFO  LoggerExample:22 -  *** Starting TC_LoginDDT *** 
2023-06-26 13:48:25 INFO  LoggerExample:24 -  *** Opening Application URL *** 
2023-06-26 13:48:25 INFO  LoggerExample:71 -  *** Finished TC_LoginDDT *** 
2023-06-26 13:48:25 INFO  LoggerExample:22 -  *** Starting TC_LoginDDT *** 
2023-06-26 13:48:25 INFO  LoggerExample:24 -  *** Opening Application URL *** 
2023-06-26 13:48:29 INFO  LoggerExample:27 -  *** Loging into Application *** 
2023-06-26 13:48:30 INFO  LoggerExample:27 -  *** Loging into Application *** 
2023-06-26 13:48:34 INFO  LoggerExample:71 -  *** Finished TC_LoginDDT *** 
2023-06-26 13:48:35 INFO  LoggerExample:71 -  *** Finished TC_LoginDDT *** 
2023-06-27 19:53:33 INFO  LoggerExample:22 - ********* starting DeleteCustomerTest*************
2023-06-27 19:54:02 INFO  LoggerExample:32 - *********Deleting Existing customer *************
2023-06-27 20:02:55 INFO  LoggerExample:22 - ********* starting DeleteCustomerTest*************
2023-06-27 20:03:16 INFO  LoggerExample:32 - *********Deleting Existing customer *************
2023-06-27 20:09:51 INFO  LoggerExample:22 - ********* starting DeleteCustomerTest*************
2023-06-27 20:10:18 INFO  LoggerExample:32 - *********Deleting Existing customer *************
2023-06-27 20:14:17 INFO  LoggerExample:22 - ********* starting DeleteCustomerTest*************
2023-06-27 20:14:37 INFO  LoggerExample:32 - *********Deleting Existing customer *************
2023-06-27 20:16:06 INFO  LoggerExample:22 - ********* starting DeleteCustomerTest*************
2023-06-27 20:16:24 INFO  LoggerExample:32 - *********Deleting Existing customer *************
2023-06-27 20:20:17 INFO  LoggerExample:22 - ********* starting DeleteCustomerTest*************
2023-06-27 20:20:40 INFO  LoggerExample:32 - *********Deleting Existing customer *************
2023-06-27 20:23:05 INFO  LoggerExample:22 - ********* starting DeleteCustomerTest*************
2023-06-27 20:23:19 INFO  LoggerExample:32 - *********Deleting Existing customer *************
2023-06-27 21:23:22 INFO  LoggerExample:22 - ********* starting DeleteCustomerTest*************
2023-06-27 21:23:43 INFO  LoggerExample:32 - *********Deleting Existing customer *************
2023-06-27 21:26:57 INFO  LoggerExample:22 - ********* starting DeleteCustomerTest*************
2023-06-27 21:27:23 INFO  LoggerExample:32 - *********Deleting Existing customer *************
2023-06-27 21:36:20 INFO  LoggerExample:22 - ********* starting DeleteCustomerTest*************
2023-06-27 21:36:50 INFO  LoggerExample:32 - *********Deleting Existing customer *************
2023-06-27 21:38:36 INFO  LoggerExample:22 - ********* starting DeleteCustomerTest*************
2023-06-27 21:38:48 INFO  LoggerExample:32 - *********Deleting Existing customer *************
2023-06-27 21:44:40 INFO  LoggerExample:22 - ********* starting DeleteCustomerTest*************
2023-06-27 21:45:15 INFO  LoggerExample:32 - *********Deleting Existing customer *************
2023-06-27 21:54:31 INFO  LoggerExample:23 - ********* starting DeleteCustomerTest*************
2023-06-27 21:54:52 INFO  LoggerExample:33 - *********Deleting Existing customer *************
2023-06-27 22:05:36 INFO  LoggerExample:23 - ********* starting DeleteCustomerTest*************
2023-06-27 22:05:57 INFO  LoggerExample:33 - *********Deleting Existing customer *************
2023-06-27 22:14:06 INFO  LoggerExample:20 - ********* starting TC_AddCustomerTest_003 *************
2023-06-27 22:14:42 INFO  LoggerExample:20 - ********* starting TC_AddCustomerTest_003 *************
2023-06-27 22:15:05 INFO  LoggerExample:29 - *********Adding new customer *************
2023-06-27 22:15:13 INFO  LoggerExample:38 - ***************  Providing customer details  *********** 
2023-06-27 22:15:25 INFO  LoggerExample:72 - ***************  Customer added succesfully *********** 
2023-06-27 22:15:25 INFO  LoggerExample:80 - ***************   TC_AddCustomerTest_003 Finished  *********** 
2023-06-27 22:16:01 INFO  LoggerExample:23 - ********* starting EditCustomerTest*************
2023-06-27 22:16:17 INFO  LoggerExample:33 - *********Editing Existing customer *************
2023-06-27 22:16:53 INFO  LoggerExample:23 - ********* starting EditCustomerTest*************
2023-06-27 22:17:10 INFO  LoggerExample:33 - *********Editing Existing customer *************
2023-06-27 22:18:13 INFO  LoggerExample:23 - ********* starting DeleteCustomerTest*************
2023-06-27 22:18:27 INFO  LoggerExample:33 - *********Deleting Existing customer *************
2023-06-27 22:19:33 INFO  LoggerExample:20 - ********* starting TC_AddCustomerTest_003 *************
2023-06-27 22:19:47 INFO  LoggerExample:29 - *********Adding new customer *************
2023-06-27 22:19:54 INFO  LoggerExample:38 - ***************  Providing customer details  *********** 
2023-06-27 22:20:06 INFO  LoggerExample:72 - ***************  Customer added succesfully *********** 
2023-06-27 22:20:06 INFO  LoggerExample:80 - ***************   TC_AddCustomerTest_003 Finished  *********** 
2023-06-27 22:27:03 INFO  LoggerExample:23 - ********* starting DeleteCustomerTest*************
2023-06-27 22:27:15 INFO  LoggerExample:33 - *********Deleting Existing customer *************
2023-06-27 22:45:22 INFO  LoggerExample:24 - ********* starting DeleteCustomerTest*************
2023-06-27 22:45:39 INFO  LoggerExample:34 - *********Deleting Existing customer *************
2023-06-27 22:46:16 INFO  LoggerExample:20 - ********* starting TC_AddCustomerTest_003 *************
2023-06-27 22:46:33 INFO  LoggerExample:29 - *********Adding new customer *************
2023-06-27 22:46:41 INFO  LoggerExample:38 - ***************  Providing customer details  *********** 
2023-06-27 22:46:53 INFO  LoggerExample:72 - ***************  Customer added succesfully *********** 
2023-06-27 22:46:53 INFO  LoggerExample:80 - ***************   TC_AddCustomerTest_003 Finished  *********** 
2023-06-27 22:47:30 INFO  LoggerExample:24 - ********* starting DeleteCustomerTest*************
2023-06-27 22:47:44 INFO  LoggerExample:34 - *********Deleting Existing customer *************
2023-06-27 22:58:41 INFO  LoggerExample:24 - ********* starting DeleteCustomerTest*************
2023-06-27 22:58:56 INFO  LoggerExample:34 - *********Deleting Existing customer *************
2023-06-27 23:00:30 INFO  LoggerExample:24 - ********* starting DeleteCustomerTest*************
2023-06-27 23:00:46 INFO  LoggerExample:34 - *********Deleting Existing customer *************
2023-06-27 23:01:35 INFO  LoggerExample:24 - ********* starting DeleteCustomerTest*************
2023-06-27 23:01:50 INFO  LoggerExample:34 - *********Deleting Existing customer *************
2023-06-27 23:10:25 INFO  LoggerExample:20 - ********* starting TC_AddCustomerTest_003 *************
2023-06-27 23:10:40 INFO  LoggerExample:29 - *********Adding new customer *************
2023-06-27 23:10:48 INFO  LoggerExample:38 - ***************  Providing customer details  *********** 
2023-06-27 23:11:02 INFO  LoggerExample:72 - ***************  Customer added succesfully *********** 
2023-06-27 23:11:02 INFO  LoggerExample:80 - ***************   TC_AddCustomerTest_003 Finished  *********** 
2023-06-27 23:12:01 INFO  LoggerExample:24 - ********* starting DeleteCustomerTest*************
2023-06-27 23:12:16 INFO  LoggerExample:34 - *********Deleting Existing customer *************
2023-06-27 23:19:23 INFO  LoggerExample:24 - ********* starting DeleteCustomerTest*************
2023-06-27 23:19:37 INFO  LoggerExample:34 - *********Deleting Existing customer *************
2023-06-27 23:20:49 INFO  LoggerExample:20 - ********* starting TC_AddCustomerTest_003 *************
2023-06-27 23:21:03 INFO  LoggerExample:29 - *********Adding new customer *************
2023-06-27 23:21:10 INFO  LoggerExample:38 - ***************  Providing customer details  *********** 
2023-06-27 23:21:22 INFO  LoggerExample:72 - ***************  Customer added succesfully *********** 
2023-06-27 23:21:22 INFO  LoggerExample:80 - ***************   TC_AddCustomerTest_003 Finished  *********** 
2023-06-27 23:22:09 INFO  LoggerExample:24 - ********* starting DeleteCustomerTest*************
2023-06-27 23:22:24 INFO  LoggerExample:34 - *********Deleting Existing customer *************
2023-07-10 15:00:29 INFO  LoggerExample:20 - ********* starting TC_AddCustomerTest_003 *************
2023-07-10 15:01:00 INFO  LoggerExample:29 - *********Adding new customer *************
2023-07-10 15:01:10 INFO  LoggerExample:38 - ***************  Providing customer details  *********** 
2023-07-10 15:01:30 INFO  LoggerExample:72 - ***************  Customer added succesfully *********** 
2023-07-10 15:01:30 INFO  LoggerExample:80 - ***************   TC_AddCustomerTest_003 Finished  *********** 
2023-07-10 15:01:36 INFO  LoggerExample:23 - ********* starting EditCustomerTest*************
2023-07-10 15:01:51 INFO  LoggerExample:33 - *********Editing Existing customer *************
2023-07-10 15:04:11 INFO  LoggerExample:24 - ********* starting DeleteCustomerTest*************
2023-07-10 15:04:27 INFO  LoggerExample:34 - *********Deleting Existing customer *************
2023-07-10 16:16:33 INFO  LoggerExample:37 - ********* starting UploadTest*************
2023-07-10 16:16:55 INFO  LoggerExample:47 - *********Uploading Product image *************
2023-07-10 16:17:20 INFO  LoggerExample:37 - ********* starting UploadTest*************
2023-07-10 16:17:34 INFO  LoggerExample:47 - *********Uploading Product image *************
2023-07-10 16:22:09 INFO  LoggerExample:37 - ********* starting UploadTest*************
2023-07-10 16:22:28 INFO  LoggerExample:47 - *********Uploading Product image *************
2023-07-10 16:41:34 INFO  LoggerExample:37 - ********* starting UploadTest*************
2023-07-10 16:41:55 INFO  LoggerExample:47 - *********Uploading Product image *************
2023-07-10 16:47:58 INFO  LoggerExample:37 - ********* starting UploadTest*************
2023-07-10 16:48:14 INFO  LoggerExample:47 - *********Uploading Product image *************
2023-07-10 16:52:25 INFO  LoggerExample:37 - ********* starting UploadTest*************
2023-07-10 16:52:38 INFO  LoggerExample:47 - *********Uploading Product image *************
2023-07-10 16:57:20 INFO  LoggerExample:37 - ********* starting UploadTest*************
2023-07-10 16:57:38 INFO  LoggerExample:47 - *********Uploading Product image *************
2023-07-10 17:02:57 INFO  LoggerExample:37 - ********* starting UploadTest*************
2023-07-10 17:03:11 INFO  LoggerExample:47 - *********Uploading Product image *************
2023-07-10 17:04:11 INFO  LoggerExample:37 - ********* starting UploadTest*************
2023-07-10 17:04:24 INFO  LoggerExample:47 - *********Uploading Product image *************
2023-07-10 17:05:22 INFO  LoggerExample:37 - ********* starting UploadTest*************
2023-07-10 17:05:35 INFO  LoggerExample:47 - *********Uploading Product image *************
2023-07-10 17:12:26 INFO  LoggerExample:37 - ********* starting UploadTest*************
2023-07-10 17:12:44 INFO  LoggerExample:37 - ********* starting UploadTest*************
2023-07-10 17:13:01 INFO  LoggerExample:47 - *********Uploading Product image *************
2023-07-10 17:14:03 INFO  LoggerExample:37 - ********* starting UploadTest*************
2023-07-10 17:14:16 INFO  LoggerExample:47 - *********Uploading Product image *************
2023-07-10 17:16:33 INFO  LoggerExample:37 - ********* starting UploadTest*************
2023-07-10 17:16:49 INFO  LoggerExample:47 - *********Uploading Product image *************
2023-07-10 17:19:00 INFO  LoggerExample:37 - ********* starting UploadTest*************
2023-07-10 17:19:13 INFO  LoggerExample:47 - *********Uploading Product image *************
2023-07-10 17:29:36 INFO  LoggerExample:38 - ********* starting UploadTest*************
2023-07-10 17:29:55 INFO  LoggerExample:38 - ********* starting UploadTest*************
2023-07-10 17:30:28 INFO  LoggerExample:38 - ********* starting UploadTest*************
2023-07-10 17:30:46 INFO  LoggerExample:48 - *********Uploading Product image *************
2023-07-10 17:37:35 INFO  LoggerExample:38 - ********* starting UploadTest*************
2023-07-10 17:37:51 INFO  LoggerExample:48 - *********Uploading Product image *************
2023-07-10 18:22:29 INFO  LoggerExample:26 - ********* starting UploadTest*************
2023-07-10 18:24:25 INFO  LoggerExample:26 - ********* starting UploadTest*************
2023-07-10 18:24:49 INFO  LoggerExample:36 - *********Uploading Product image *************
2023-07-10 18:28:14 INFO  LoggerExample:26 - ********* starting UploadTest*************
2023-07-10 18:28:28 INFO  LoggerExample:36 - *********Uploading Product image *************
2023-07-10 18:33:52 INFO  LoggerExample:26 - ********* starting UploadTest*************
2023-07-10 18:34:09 INFO  LoggerExample:36 - *********Uploading Product image *************
2023-07-10 18:37:27 INFO  LoggerExample:26 - ********* starting UploadTest*************
2023-07-10 18:37:47 INFO  LoggerExample:36 - *********Uploading Product image *************
2023-07-10 18:42:11 INFO  LoggerExample:26 - ********* starting UploadTest*************
2023-07-10 18:42:27 INFO  LoggerExample:36 - *********Uploading Product image *************
2023-07-10 18:49:36 INFO  LoggerExample:26 - ********* starting UploadTest*************
2023-07-10 18:49:50 INFO  LoggerExample:36 - *********Uploading Product image *************
2023-07-26 20:21:50 INFO  LoggerExample:26 - ********* starting UploadTest*************
2023-07-26 20:22:09 INFO  LoggerExample:36 - *********Uploading Product image *************
2023-07-26 20:42:51 INFO  LoggerExample:26 - ********* starting UploadTest*************
2023-07-26 20:43:06 INFO  LoggerExample:36 - *********Uploading Product image *************
2023-08-30 18:48:17 INFO  LoggerExample:20 - ********* starting TC_AddCustomerTest_003 *************
2023-08-30 18:48:39 INFO  LoggerExample:29 - *********Adding new customer *************
2023-08-30 18:48:49 INFO  LoggerExample:38 - ***************  Providing customer details  *********** 
2023-08-30 18:49:01 INFO  LoggerExample:72 - ***************  Customer added succesfully *********** 
2023-08-30 18:49:01 INFO  LoggerExample:80 - ***************   TC_AddCustomerTest_003 Finished  *********** 
2023-08-30 18:52:00 INFO  LoggerExample:23 - ********* starting EditCustomerTest*************
2023-08-30 18:52:20 INFO  LoggerExample:33 - *********Editing Existing customer *************
2023-08-30 18:53:34 INFO  LoggerExample:24 - ********* starting DeleteCustomerTest*************
2023-08-30 18:53:49 INFO  LoggerExample:34 - *********Deleting Existing customer *************
2023-08-30 18:58:21 INFO  LoggerExample:22 - ********* starting TC_FetchCustomersTest *************
2023-08-30 18:58:44 INFO  LoggerExample:33 - *********Clicking on customer Menu*************
2023-08-30 18:58:48 INFO  LoggerExample:40 - *********Fetching all customers *************
2023-08-30 19:01:29 INFO  LoggerExample:83 - ********* Finished TC_FetchCustomersTest *************
2023-08-30 19:06:07 INFO  LoggerExample:22 - ********* starting TC_FetchCustomersTest *************
2023-08-30 19:06:30 INFO  LoggerExample:33 - *********Clicking on customer Menu*************
2023-08-30 19:06:33 INFO  LoggerExample:40 - *********Fetching all customers *************
2023-08-30 19:09:14 INFO  LoggerExample:84 - ********* Finished TC_FetchCustomersTest *************
2023-08-30 19:12:52 INFO  LoggerExample:26 - ********* starting UploadTest*************
2023-08-30 19:13:07 INFO  LoggerExample:36 - *********Uploading Product image *************
2023-08-30 19:23:37 INFO  LoggerExample:26 - ********* starting UploadTest*************
2023-08-30 19:23:56 INFO  LoggerExample:36 - *********Uploading Product image *************
2023-08-30 20:31:48 INFO  LoggerExample:22 - ********* starting TC_FetchCustomersTest *************
2023-08-30 20:32:48 INFO  LoggerExample:33 - *********Clicking on customer Menu*************
2023-08-30 20:32:52 INFO  LoggerExample:40 - *********Fetching all customers *************
2023-08-30 20:35:13 INFO  LoggerExample:84 - ********* Finished TC_FetchCustomersTest *************
2023-08-30 22:01:21 INFO  LoggerExample:20 - ********* starting TC_AddCustomerTest_003 *************
2023-08-30 22:01:43 INFO  LoggerExample:29 - *********Adding new customer *************
2023-08-30 22:02:23 INFO  LoggerExample:24 - ********* starting DeleteCustomerTest*************
2023-08-30 22:02:39 INFO  LoggerExample:34 - *********Deleting Existing customer *************
2023-08-30 22:07:17 INFO  LoggerExample:20 - ********* starting TC_AddCustomerTest_003 *************
2023-08-30 22:07:34 INFO  LoggerExample:29 - *********Adding new customer *************
2023-08-30 22:07:50 INFO  LoggerExample:24 - ********* starting DeleteCustomerTest*************
2023-08-30 22:08:10 INFO  LoggerExample:34 - *********Deleting Existing customer *************
2023-08-30 22:12:39 INFO  LoggerExample:20 - ********* starting TC_AddCustomerTest_003 *************
2023-08-30 22:12:54 INFO  LoggerExample:29 - *********Adding new customer *************
2023-08-30 22:13:01 INFO  LoggerExample:38 - ***************  Providing customer details  *********** 
2023-08-30 22:13:13 INFO  LoggerExample:72 - ***************  Customer added succesfully *********** 
2023-08-30 22:13:13 INFO  LoggerExample:80 - ***************   TC_AddCustomerTest_003 Finished  *********** 
2023-08-30 22:13:20 INFO  LoggerExample:24 - ********* starting DeleteCustomerTest*************
2023-08-30 22:13:36 INFO  LoggerExample:34 - *********Deleting Existing customer *************
2023-08-30 22:16:24 INFO  LoggerExample:20 - ********* starting TC_AddCustomerTest_003 *************
2023-08-30 22:16:48 INFO  LoggerExample:29 - *********Adding new customer *************
2023-08-30 22:17:14 INFO  LoggerExample:24 - ********* starting DeleteCustomerTest*************
2023-08-30 22:17:28 INFO  LoggerExample:34 - *********Deleting Existing customer *************
2023-08-30 22:21:14 INFO  LoggerExample:20 - ********* starting TC_AddCustomerTest_003 *************
2023-08-30 22:21:29 INFO  LoggerExample:29 - *********Adding new customer *************
2023-08-30 22:21:35 INFO  LoggerExample:38 - ***************  Providing customer details  *********** 
2023-08-30 22:21:47 INFO  LoggerExample:72 - ***************  Customer added succesfully *********** 
2023-08-30 22:21:47 INFO  LoggerExample:80 - ***************   TC_AddCustomerTest_003 Finished  *********** 
2023-08-30 22:22:00 INFO  LoggerExample:24 - ********* starting DeleteCustomerTest*************
2023-08-30 22:22:16 INFO  LoggerExample:34 - *********Deleting Existing customer *************
2023-08-30 22:23:44 INFO  LoggerExample:20 - ********* starting TC_AddCustomerTest_003 *************
2023-08-30 22:24:00 INFO  LoggerExample:29 - *********Adding new customer *************
2023-08-30 22:24:15 INFO  LoggerExample:24 - ********* starting DeleteCustomerTest*************
2023-08-30 22:24:32 INFO  LoggerExample:34 - *********Deleting Existing customer *************
2023-08-30 22:31:45 INFO  LoggerExample:20 - ********* starting TC_AddCustomerTest_003 *************
2023-08-30 22:31:59 INFO  LoggerExample:29 - *********Adding new customer *************
2023-08-30 22:32:16 INFO  LoggerExample:24 - ********* starting DeleteCustomerTest*************
2023-08-30 22:39:11 INFO  LoggerExample:20 - ********* starting TC_AddCustomerTest_003 *************
2023-08-30 22:39:26 INFO  LoggerExample:29 - *********Adding new customer *************
2023-08-30 22:39:42 INFO  LoggerExample:24 - ********* starting DeleteCustomerTest*************
2023-08-30 22:39:57 INFO  LoggerExample:34 - *********Deleting Existing customer *************
2023-08-30 22:42:45 INFO  LoggerExample:20 - ********* starting TC_AddCustomerTest_003 *************
2023-08-30 22:43:08 INFO  LoggerExample:29 - *********Adding new customer *************
2023-08-30 22:43:34 INFO  LoggerExample:24 - ********* starting DeleteCustomerTest*************
2023-08-30 22:43:57 INFO  LoggerExample:34 - *********Deleting Existing customer *************
2023-08-30 22:46:48 INFO  LoggerExample:20 - ********* starting TC_AddCustomerTest_003 *************
2023-08-30 22:47:12 INFO  LoggerExample:29 - *********Adding new customer *************
2023-08-30 22:47:22 INFO  LoggerExample:46 - ***************  Providing customer details  *********** 
2023-08-30 22:47:44 INFO  LoggerExample:24 - ********* starting DeleteCustomerTest*************
2023-08-30 22:48:12 INFO  LoggerExample:34 - *********Deleting Existing customer *************
2023-08-30 22:51:39 INFO  LoggerExample:20 - ********* starting TC_AddCustomerTest_003 *************
2023-08-30 22:52:02 INFO  LoggerExample:29 - *********Adding new customer *************
2023-08-30 22:52:12 INFO  LoggerExample:46 - ***************  Providing customer details  *********** 
2023-08-30 22:52:45 INFO  LoggerExample:24 - ********* starting DeleteCustomerTest*************
2023-08-30 22:52:59 INFO  LoggerExample:34 - *********Deleting Existing customer *************
2023-08-30 22:57:29 INFO  LoggerExample:20 - ********* starting TC_AddCustomerTest_003 *************
2023-08-30 22:57:56 INFO  LoggerExample:29 - *********Adding new customer *************
2023-08-30 22:58:07 INFO  LoggerExample:46 - ***************  Providing customer details  *********** 
2023-08-30 22:58:36 INFO  LoggerExample:24 - ********* starting DeleteCustomerTest*************
2023-08-30 22:58:49 INFO  LoggerExample:34 - *********Deleting Existing customer *************
2023-08-30 23:02:19 INFO  LoggerExample:20 - ********* starting TC_AddCustomerTest_003 *************
2023-08-30 23:02:38 INFO  LoggerExample:29 - *********Adding new customer *************
2023-08-30 23:02:43 INFO  LoggerExample:46 - ***************  Providing customer details  *********** 
2023-08-30 23:02:56 INFO  LoggerExample:87 - ***************  Customer added succesfully *********** 
2023-08-30 23:02:56 INFO  LoggerExample:95 - ***************   TC_AddCustomerTest_003 Finished  *********** 
2023-08-30 23:03:51 INFO  LoggerExample:20 - ********* starting TC_AddCustomerTest_003 *************
2023-08-30 23:04:06 INFO  LoggerExample:29 - *********Adding new customer *************
2023-08-30 23:04:11 INFO  LoggerExample:46 - ***************  Providing customer details  *********** 
2023-08-30 23:04:25 INFO  LoggerExample:87 - ***************  Customer added succesfully *********** 
2023-08-30 23:04:25 INFO  LoggerExample:95 - ***************   TC_AddCustomerTest_003 Finished  *********** 
2023-08-30 23:08:41 INFO  LoggerExample:20 - ********* starting TC_AddCustomerTest_003 *************
2023-08-30 23:08:56 INFO  LoggerExample:29 - *********Adding new customer *************
2023-08-30 23:09:03 INFO  LoggerExample:46 - ***************  Providing customer details  *********** 
2023-08-30 23:09:14 INFO  LoggerExample:87 - ***************  Customer added succesfully *********** 
2023-08-30 23:09:14 INFO  LoggerExample:95 - ***************   TC_AddCustomerTest_003 Finished  *********** 
2023-08-30 23:10:56 INFO  LoggerExample:20 - ********* starting TC_AddCustomerTest_003 *************
2023-08-30 23:11:19 INFO  LoggerExample:29 - *********Adding new customer *************
2023-08-30 23:11:30 INFO  LoggerExample:46 - ***************  Providing customer details  *********** 
2023-08-30 23:18:54 INFO  LoggerExample:20 - ********* starting TC_AddCustomerTest_003 *************
2023-08-30 23:19:12 INFO  LoggerExample:29 - *********Adding new customer *************
2023-08-30 23:19:23 INFO  LoggerExample:46 - ***************  Providing customer details  *********** 
2023-08-30 23:22:18 INFO  LoggerExample:20 - ********* starting TC_AddCustomerTest_003 *************
2023-08-30 23:22:38 INFO  LoggerExample:29 - *********Adding new customer *************
2023-08-30 23:22:49 INFO  LoggerExample:46 - ***************  Providing customer details  *********** 
2023-08-30 23:25:26 INFO  LoggerExample:20 - ********* starting TC_AddCustomerTest_003 *************
2023-08-30 23:25:48 INFO  LoggerExample:29 - *********Adding new customer *************
2023-08-30 23:25:59 INFO  LoggerExample:46 - ***************  Providing customer details  *********** 
2023-08-30 23:26:30 INFO  LoggerExample:24 - ********* starting DeleteCustomerTest*************
2023-08-30 23:26:45 INFO  LoggerExample:34 - *********Deleting Existing customer *************
2023-08-30 23:29:51 INFO  LoggerExample:20 - ********* starting TC_AddCustomerTest_003 *************
2023-08-30 23:30:10 INFO  LoggerExample:29 - *********Adding new customer *************
2023-08-30 23:30:20 INFO  LoggerExample:46 - ***************  Providing customer details  *********** 
2023-08-30 23:30:53 INFO  LoggerExample:24 - ********* starting DeleteCustomerTest*************
